<?xml version="1.0" encoding="UTF-8"?>
<testsuite name="ru.nsu.yurakov.Forth.Checks.ChecksTest" tests="1" skipped="0" failures="0" errors="0" timestamp="2023-03-13T11:07:16" hostname="spayd-IdeaPad-Gaming-3-15ARH05" time="0.015">
  <properties/>
  <testcase name="ChecksTests()" classname="ru.nsu.yurakov.Forth.Checks.ChecksTest" time="0.015"/>
  <system-out><![CDATA[]]></system-out>
  <system-err><![CDATA[]]></system-err>
</testsuite>
