<?xml version="1.0" encoding="UTF-8"?>
<testsuite name="ru.nsu.yurakov.Forth.Push.PushTest" tests="1" skipped="0" failures="0" errors="0" timestamp="2023-03-14T18:39:50" hostname="spayd-IdeaPad-Gaming-3-15ARH05" time="0.001">
  <properties/>
  <testcase name="PushTests()" classname="ru.nsu.yurakov.Forth.Push.PushTest" time="0.001"/>
  <system-out><![CDATA[]]></system-out>
  <system-err><![CDATA[]]></system-err>
</testsuite>
