<?xml version="1.0" encoding="UTF-8"?>
<testsuite name="ru.nsu.yurakov.Forth.OperatorDoLoop.OperatorDoLoopTest" tests="1" skipped="0" failures="0" errors="0" timestamp="2023-03-14T18:39:50" hostname="spayd-IdeaPad-Gaming-3-15ARH05" time="0.036">
  <properties/>
  <testcase name="OperatorDoLoopTests()" classname="ru.nsu.yurakov.Forth.OperatorDoLoop.OperatorDoLoopTest" time="0.036"/>
  <system-out><![CDATA[]]></system-out>
  <system-err><![CDATA[]]></system-err>
</testsuite>
