<?xml version="1.0" encoding="UTF-8"?>
<testsuite name="ru.nsu.yurakov.Forth.OperatorIf.OperatorIfTest" tests="1" skipped="0" failures="0" errors="0" timestamp="2023-03-14T18:39:50" hostname="spayd-IdeaPad-Gaming-3-15ARH05" time="0.009">
  <properties/>
  <testcase name="OperatorIfTests()" classname="ru.nsu.yurakov.Forth.OperatorIf.OperatorIfTest" time="0.009"/>
  <system-out><![CDATA[]]></system-out>
  <system-err><![CDATA[]]></system-err>
</testsuite>
