<?xml version="1.0" encoding="UTF-8"?>
<testsuite name="ru.nsu.yurakov.Forth.Division.DivisionTest" tests="1" skipped="0" failures="0" errors="0" timestamp="2023-03-13T11:07:16" hostname="spayd-IdeaPad-Gaming-3-15ARH05" time="0.002">
  <properties/>
  <testcase name="DivisionTests()" classname="ru.nsu.yurakov.Forth.Division.DivisionTest" time="0.002"/>
  <system-out><![CDATA[]]></system-out>
  <system-err><![CDATA[]]></system-err>
</testsuite>
